Build started 28/04/2016 08:32:00 AM.
     1>Project "D:\Project Visual\MancalaBest\Mancala\Mancala\Mancala.vcxproj" on node 2 (Build target(s)).
     1>InitializeBuildStatus:
         Creating "Release\Mancala.tlog\unsuccessfulbuild" because "AlwaysCreate" was specified.
       GenerateTargetFrameworkMonikerAttribute:
       Skipping target "GenerateTargetFrameworkMonikerAttribute" because all output files are up-to-date with respect to the input files.
       ClCompile:
         D:\VS2013\VC\bin\CL.exe /c /AI"C:\Program Files (x86)\Reference Assemblies\Microsoft\Framework\.NETFramework\v4.5\\" /AI"C:\Program Files (x86)\Windows Kits\8.1\References\CommonConfiguration\Neutral" /AI"C:\Program Files (x86)\Reference Assemblies\Microsoft\Framework\.NETFramework\v4.5\Facades\\" /Zi /clr /nologo /W3 /WX- /O2 /Oy- /D WIN32 /D NDEBUG /D _UNICODE /D UNICODE /EHa /MD /GS /fp:precise /Zc:wchar_t /Zc:forScope /Fo"Release\\" /Fd"Release\vc120.pdb" /TP /FU"C:\Program Files (x86)\Reference Assemblies\Microsoft\Framework\.NETFramework\v4.5\mscorlib.dll" /FU"C:\Program Files (x86)\Reference Assemblies\Microsoft\Framework\.NETFramework\v4.5\System.Data.dll" /FU"C:\Program Files (x86)\Reference Assemblies\Microsoft\Framework\.NETFramework\v4.5\System.dll" /FU"C:\Program Files (x86)\Reference Assemblies\Microsoft\Framework\.NETFramework\v4.5\System.Drawing.dll" /FU"C:\Program Files (x86)\Reference Assemblies\Microsoft\Framework\.NETFramework\v4.5\System.Windows.Forms.dll" /FU"C:\Program Files (x86)\Reference Assemblies\Microsoft\Framework\.NETFramework\v4.5\System.Xml.dll" /analyze- /errorReport:prompt /clr:nostdlib Bot.cpp Gameplay.cpp MyForm.cpp
         Bot.cpp
     1>d:\project visual\mancalabest\mancala\mancala\Bot.h(20): warning C4018: '<' : signed/unsigned mismatch
     1>Bot.cpp(184): warning C4244: 'argument' : conversion from 'double' to 'int', possible loss of data
     1>Bot.cpp(213): warning C4244: 'argument' : conversion from 'double' to 'int', possible loss of data
     1>Bot.cpp(242): warning C4018: '<' : signed/unsigned mismatch
     1>Bot.cpp(255): warning C4101: 'alpha' : unreferenced local variable
     1>Bot.cpp(256): warning C4101: 'beta' : unreferenced local variable
         Gameplay.cpp
     1>d:\project visual\mancalabest\mancala\mancala\Bot.h(20): warning C4018: '<' : signed/unsigned mismatch
         MyForm.cpp
     1>d:\project visual\mancalabest\mancala\mancala\Bot.h(20): warning C4018: '<' : signed/unsigned mismatch
         Generating Code...
         All outputs are up-to-date.
       CoreResGen:
         "C:\Program Files (x86)\Microsoft SDKs\Windows\v8.1A\bin\NETFX 4.5.1 Tools\resgen.exe" /useSourcePath /r:"C:\Program Files (x86)\Reference Assemblies\Microsoft\Framework\.NETFramework\v4.5\mscorlib.dll" /r:"C:\Program Files (x86)\Reference Assemblies\Microsoft\Framework\.NETFramework\v4.5\System.Data.dll" /r:"C:\Program Files (x86)\Reference Assemblies\Microsoft\Framework\.NETFramework\v4.5\System.dll" /r:"C:\Program Files (x86)\Reference Assemblies\Microsoft\Framework\.NETFramework\v4.5\System.Drawing.dll" /r:"C:\Program Files (x86)\Reference Assemblies\Microsoft\Framework\.NETFramework\v4.5\System.Windows.Forms.dll" /r:"C:\Program Files (x86)\Reference Assemblies\Microsoft\Framework\.NETFramework\v4.5\System.Xml.dll" /compile MyForm.resx,Release\Mancala.MyForm.resources
         Processing resource file "MyForm.resx" into "Release\Mancala.MyForm.resources".
       Link:
         D:\VS2013\VC\bin\link.exe /ERRORREPORT:PROMPT /OUT:"D:\Project Visual\MancalaBest\Mancala\Release\Mancala.exe" /INCREMENTAL:NO /NOLOGO /ASSEMBLYRESOURCE:Release\Mancala.MyForm.resources /MANIFEST /MANIFESTUAC:"level='asInvoker' uiAccess='false'" /manifest:embed /DEBUG /PDB:"D:\Project Visual\MancalaBest\Mancala\Release\Mancala.pdb" /SUBSYSTEM:WINDOWS /TLBID:1 /ENTRY:"Main" /DYNAMICBASE /FIXED:NO /NXCOMPAT /MACHINE:X86 /SAFESEH Release\Board.obj
         Release\Bot.obj
         Release\Gameplay.obj
         Release\MyForm.obj
         "Release\.NETFramework,Version=v4.5.AssemblyAttributes.obj"
         Mancala.vcxproj -> D:\Project Visual\MancalaBest\Mancala\Release\Mancala.exe
       FinalizeBuildStatus:
         Deleting file "Release\Mancala.tlog\unsuccessfulbuild".
         Touching "Release\Mancala.tlog\Mancala.lastbuildstate".
     1>Done Building Project "D:\Project Visual\MancalaBest\Mancala\Mancala\Mancala.vcxproj" (Build target(s)).

Build succeeded.

Time Elapsed 00:00:09.17
